<?xml version="1.0" encoding="UTF-8"?>
<!-- Generated by org.testng.reporters.JUnitReportReporter -->
<testsuite hostname="LAPTOP-RAQOTQJ9" failures="0" tests="1" name="Tests.RegistationPageTest" time="23.897" errors="0" timestamp="2024-08-02T00:47:42 BDT" skipped="0">
  <testcase classname="Tests.RegistationPageTest" name="createReg" time="23.897"/>
</testsuite> <!-- Tests.RegistationPageTest -->
